<?xml version="1.0" encoding="UTF-8"?>
<testsuite xmlns:xsi="http://www.w3.org/2001/XMLSchema-instance" xsi:noNamespaceSchemaLocation="https://maven.apache.org/surefire/maven-surefire-plugin/xsd/surefire-test-report.xsd" name="TestClass" time="1.331" tests="4" errors="0" skipped="0" failures="0">
  <properties>
[...]
</properties>
  <testcase name="divisionWithZeroAllwaysThrowsException" classname="edu.princeton.cs.algs4.TestClass" time="0.686"/>
  <testcase name="assumeFiltersInputsByCondition" classname="edu.princeton.cs.algs4.TestClass" time="0.25"/>
  <testcase name="toArrayContainsAllElements" classname="edu.princeton.cs.algs4.TestClass" time="0.217"/>
  <testcase name="mathAbsReturnsValueGreaterOrEqualToInput" classname="edu.princeton.cs.algs4.TestClass" time="0.169"/>
</testsuite>